<?xml version="1.0" encoding="UTF-8"?>
<!-- Generated by org.testng.reporters.JUnitXMLReporter -->
<testsuite hostname="DESKTOP-1G9HVTV" name="Default test" tests="4" failures="0" timestamp="7 Jul 2021 20:43:31 GMT" time="36.927" errors="0">
  <testcase name="verifyAddCustomerTitleTest" time="0.024" classname="com.testingworld.qa.testcases.AddCustomerTest"/>
  <testcase name="enterDetailsTest" time="2.022" classname="com.testingworld.qa.testcases.AddCustomerTest"/>
  <testcase name="enterDetailsTest" time="1.906" classname="com.testingworld.qa.testcases.AddCustomerTest"/>
  <testcase name="enterDetailsTest" time="1.998" classname="com.testingworld.qa.testcases.AddCustomerTest"/>
</testsuite> <!-- Default test -->
