<?xml version="1.0" encoding="UTF-8"?>
<testng-results skipped="0" failed="1" total="10" passed="9">
  <reporter-output>
  </reporter-output>
  <suite name="TestingWorldAutomationTestsuite" duration-ms="83745" started-at="2021-07-08T18:25:33Z" finished-at="2021-07-08T18:26:57Z">
    <groups>
    </groups>
    <test name="TestingWorldAutomationTest" duration-ms="83745" started-at="2021-07-08T18:25:33Z" finished-at="2021-07-08T18:26:57Z">
      <class name="com.testingworld.qa.testcases.HomeTest">
        <test-method status="PASS" signature="setUp()[pri:0, instance:com.testingworld.qa.testcases.HomeTest@3f3afe78]" name="setUp" is-config="true" duration-ms="5798" started-at="2021-07-08T23:56:25Z" finished-at="2021-07-08T23:56:31Z">
          <reporter-output>
          </reporter-output>
        </test-method> <!-- setUp -->
        <test-method status="PASS" signature="verifyHomeTitleTest()[pri:1, instance:com.testingworld.qa.testcases.HomeTest@3f3afe78]" name="verifyHomeTitleTest" duration-ms="13" started-at="2021-07-08T23:56:31Z" finished-at="2021-07-08T23:56:31Z">
          <reporter-output>
          </reporter-output>
        </test-method> <!-- verifyHomeTitleTest -->
        <test-method status="PASS" signature="teardown()[pri:0, instance:com.testingworld.qa.testcases.HomeTest@3f3afe78]" name="teardown" is-config="true" duration-ms="1993" started-at="2021-07-08T23:56:31Z" finished-at="2021-07-08T23:56:33Z">
          <reporter-output>
          </reporter-output>
        </test-method> <!-- teardown -->
        <test-method status="PASS" signature="setUp()[pri:0, instance:com.testingworld.qa.testcases.HomeTest@3f3afe78]" name="setUp" is-config="true" duration-ms="6063" started-at="2021-07-08T23:56:33Z" finished-at="2021-07-08T23:56:39Z">
          <reporter-output>
          </reporter-output>
        </test-method> <!-- setUp -->
        <test-method status="PASS" signature="verifyUsernameTest()[pri:2, instance:com.testingworld.qa.testcases.HomeTest@3f3afe78]" name="verifyUsernameTest" duration-ms="92" started-at="2021-07-08T23:56:39Z" finished-at="2021-07-08T23:56:39Z">
          <reporter-output>
          </reporter-output>
        </test-method> <!-- verifyUsernameTest -->
        <test-method status="PASS" signature="teardown()[pri:0, instance:com.testingworld.qa.testcases.HomeTest@3f3afe78]" name="teardown" is-config="true" duration-ms="1852" started-at="2021-07-08T23:56:39Z" finished-at="2021-07-08T23:56:41Z">
          <reporter-output>
          </reporter-output>
        </test-method> <!-- teardown -->
        <test-method status="PASS" signature="setUp()[pri:0, instance:com.testingworld.qa.testcases.HomeTest@3f3afe78]" name="setUp" is-config="true" duration-ms="5491" started-at="2021-07-08T23:56:41Z" finished-at="2021-07-08T23:56:46Z">
          <reporter-output>
          </reporter-output>
        </test-method> <!-- setUp -->
        <test-method status="PASS" signature="clickMyAccountTest()[pri:3, instance:com.testingworld.qa.testcases.HomeTest@3f3afe78]" name="clickMyAccountTest" duration-ms="122" started-at="2021-07-08T23:56:46Z" finished-at="2021-07-08T23:56:47Z">
          <reporter-output>
          </reporter-output>
        </test-method> <!-- clickMyAccountTest -->
        <test-method status="PASS" signature="teardown()[pri:0, instance:com.testingworld.qa.testcases.HomeTest@3f3afe78]" name="teardown" is-config="true" duration-ms="1882" started-at="2021-07-08T23:56:47Z" finished-at="2021-07-08T23:56:48Z">
          <reporter-output>
          </reporter-output>
        </test-method> <!-- teardown -->
        <test-method status="PASS" signature="setUp()[pri:0, instance:com.testingworld.qa.testcases.HomeTest@3f3afe78]" name="setUp" is-config="true" duration-ms="5522" started-at="2021-07-08T23:56:48Z" finished-at="2021-07-08T23:56:54Z">
          <reporter-output>
          </reporter-output>
        </test-method> <!-- setUp -->
        <test-method status="PASS" signature="clickManageCustomerTest()[pri:4, instance:com.testingworld.qa.testcases.HomeTest@3f3afe78]" name="clickManageCustomerTest" duration-ms="907" started-at="2021-07-08T23:56:54Z" finished-at="2021-07-08T23:56:55Z">
          <reporter-output>
          </reporter-output>
        </test-method> <!-- clickManageCustomerTest -->
        <test-method status="PASS" signature="teardown()[pri:0, instance:com.testingworld.qa.testcases.HomeTest@3f3afe78]" name="teardown" is-config="true" duration-ms="1684" started-at="2021-07-08T23:56:55Z" finished-at="2021-07-08T23:56:57Z">
          <reporter-output>
          </reporter-output>
        </test-method> <!-- teardown -->
      </class> <!-- com.testingworld.qa.testcases.HomeTest -->
      <class name="com.testingworld.qa.testcases.LoginTest">
        <test-method status="PASS" signature="setUp()[pri:0, instance:com.testingworld.qa.testcases.LoginTest@b684286]" name="setUp" is-config="true" duration-ms="6532" started-at="2021-07-08T23:55:33Z" finished-at="2021-07-08T23:55:39Z">
          <reporter-output>
          </reporter-output>
        </test-method> <!-- setUp -->
        <test-method status="PASS" signature="LoginTabTest()[pri:1, instance:com.testingworld.qa.testcases.LoginTest@b684286]" name="LoginTabTest" duration-ms="136" started-at="2021-07-08T23:55:39Z" finished-at="2021-07-08T23:55:40Z">
          <reporter-output>
          </reporter-output>
        </test-method> <!-- LoginTabTest -->
        <test-method status="PASS" signature="teardown()[pri:0, instance:com.testingworld.qa.testcases.LoginTest@b684286]" name="teardown" is-config="true" duration-ms="1022" started-at="2021-07-08T23:55:40Z" finished-at="2021-07-08T23:55:41Z">
          <reporter-output>
          </reporter-output>
        </test-method> <!-- teardown -->
        <test-method status="PASS" signature="setUp()[pri:0, instance:com.testingworld.qa.testcases.LoginTest@b684286]" name="setUp" is-config="true" duration-ms="3392" started-at="2021-07-08T23:55:41Z" finished-at="2021-07-08T23:55:44Z">
          <reporter-output>
          </reporter-output>
        </test-method> <!-- setUp -->
        <test-method status="PASS" signature="LoginTitleTest()[pri:2, instance:com.testingworld.qa.testcases.LoginTest@b684286]" name="LoginTitleTest" duration-ms="160" started-at="2021-07-08T23:55:44Z" finished-at="2021-07-08T23:55:44Z">
          <reporter-output>
          </reporter-output>
        </test-method> <!-- LoginTitleTest -->
        <test-method status="PASS" signature="teardown()[pri:0, instance:com.testingworld.qa.testcases.LoginTest@b684286]" name="teardown" is-config="true" duration-ms="985" started-at="2021-07-08T23:55:44Z" finished-at="2021-07-08T23:55:45Z">
          <reporter-output>
          </reporter-output>
        </test-method> <!-- teardown -->
        <test-method status="PASS" signature="setUp()[pri:0, instance:com.testingworld.qa.testcases.LoginTest@b684286]" name="setUp" is-config="true" duration-ms="3346" started-at="2021-07-08T23:55:45Z" finished-at="2021-07-08T23:55:48Z">
          <reporter-output>
          </reporter-output>
        </test-method> <!-- setUp -->
        <test-method status="PASS" signature="TestingWorldImageTest()[pri:3, instance:com.testingworld.qa.testcases.LoginTest@b684286]" name="TestingWorldImageTest" duration-ms="309" started-at="2021-07-08T23:55:48Z" finished-at="2021-07-08T23:55:49Z">
          <reporter-output>
          </reporter-output>
        </test-method> <!-- TestingWorldImageTest -->
        <test-method status="PASS" signature="teardown()[pri:0, instance:com.testingworld.qa.testcases.LoginTest@b684286]" name="teardown" is-config="true" duration-ms="991" started-at="2021-07-08T23:55:49Z" finished-at="2021-07-08T23:55:50Z">
          <reporter-output>
          </reporter-output>
        </test-method> <!-- teardown -->
        <test-method status="PASS" signature="setUp()[pri:0, instance:com.testingworld.qa.testcases.LoginTest@b684286]" name="setUp" is-config="true" duration-ms="3424" started-at="2021-07-08T23:55:50Z" finished-at="2021-07-08T23:55:53Z">
          <reporter-output>
          </reporter-output>
        </test-method> <!-- setUp -->
        <test-method status="PASS" signature="LoginTest()[pri:4, instance:com.testingworld.qa.testcases.LoginTest@b684286]" name="LoginTest" duration-ms="2724" started-at="2021-07-08T23:55:53Z" finished-at="2021-07-08T23:55:56Z">
          <reporter-output>
          </reporter-output>
        </test-method> <!-- LoginTest -->
        <test-method status="PASS" signature="teardown()[pri:0, instance:com.testingworld.qa.testcases.LoginTest@b684286]" name="teardown" is-config="true" duration-ms="1860" started-at="2021-07-08T23:55:56Z" finished-at="2021-07-08T23:55:58Z">
          <reporter-output>
          </reporter-output>
        </test-method> <!-- teardown -->
      </class> <!-- com.testingworld.qa.testcases.LoginTest -->
      <class name="com.testingworld.qa.testcases.CustomerTest">
        <test-method status="PASS" signature="setUp()[pri:0, instance:com.testingworld.qa.testcases.CustomerTest@880ec60]" name="setUp" is-config="true" duration-ms="7383" started-at="2021-07-08T23:55:58Z" finished-at="2021-07-08T23:56:05Z">
          <reporter-output>
          </reporter-output>
        </test-method> <!-- setUp -->
        <test-method status="PASS" signature="verifyCustomerTitleTest()[pri:1, instance:com.testingworld.qa.testcases.CustomerTest@880ec60]" name="verifyCustomerTitleTest" duration-ms="16" started-at="2021-07-08T23:56:05Z" finished-at="2021-07-08T23:56:05Z">
          <reporter-output>
          </reporter-output>
        </test-method> <!-- verifyCustomerTitleTest -->
        <test-method status="PASS" signature="teardown()[pri:0, instance:com.testingworld.qa.testcases.CustomerTest@880ec60]" name="teardown" is-config="true" duration-ms="1852" started-at="2021-07-08T23:56:05Z" finished-at="2021-07-08T23:56:07Z">
          <reporter-output>
          </reporter-output>
        </test-method> <!-- teardown -->
        <test-method status="PASS" signature="setUp()[pri:0, instance:com.testingworld.qa.testcases.CustomerTest@880ec60]" name="setUp" is-config="true" duration-ms="6388" started-at="2021-07-08T23:56:07Z" finished-at="2021-07-08T23:56:13Z">
          <reporter-output>
          </reporter-output>
        </test-method> <!-- setUp -->
        <test-method status="FAIL" signature="moveToActionsEditTest()[pri:2, instance:com.testingworld.qa.testcases.CustomerTest@880ec60]" name="moveToActionsEditTest" duration-ms="10352" started-at="2021-07-08T23:56:13Z" finished-at="2021-07-08T23:56:24Z">
          <exception class="org.openqa.selenium.NoSuchElementException">
            <message>
              <![CDATA[no such element: Unable to locate element: {"method":"xpath","selector":"//td[text()="Jaweria"]/following-sibling :: td[@class="menu-action"] /a[text()=" Edit "]"}
  (Session info: chrome=91.0.4472.124)
For documentation on this error, please visit: http://seleniumhq.org/exceptions/no_such_element.html
Build info: version: '3.14.0', revision: 'aacccce0', time: '2018-08-02T20:19:58.91Z'
System info: host: 'DESKTOP-1G9HVTV', ip: '192.168.0.183', os.name: 'Windows 10', os.arch: 'amd64', os.version: '10.0', java.version: '1.8.0_291'
Driver info: org.openqa.selenium.chrome.ChromeDriver
Capabilities {acceptInsecureCerts: false, browserName: chrome, browserVersion: 91.0.4472.124, chrome: {chromedriverVersion: 91.0.4472.19 (1bf021f248676..., userDataDir: C:\Users\Dell\AppData\Local...}, goog:chromeOptions: {debuggerAddress: localhost:51187}, javascriptEnabled: true, networkConnectionEnabled: false, pageLoadStrategy: normal, platform: WINDOWS, platformName: WINDOWS, proxy: Proxy(), setWindowRect: true, strictFileInteractability: false, timeouts: {implicit: 0, pageLoad: 300000, script: 30000}, unhandledPromptBehavior: dismiss and notify, webauthn:extension:largeBlob: true, webauthn:virtualAuthenticators: true}
Session ID: 45ec41aabcb22c930bf1270c470c990f
*** Element info: {Using=xpath, value=//td[text()="Jaweria"]/following-sibling :: td[@class="menu-action"] /a[text()=" Edit "]}]]>
            </message>
            <full-stacktrace>
              <![CDATA[org.openqa.selenium.NoSuchElementException: no such element: Unable to locate element: {"method":"xpath","selector":"//td[text()="Jaweria"]/following-sibling :: td[@class="menu-action"] /a[text()=" Edit "]"}
  (Session info: chrome=91.0.4472.124)
For documentation on this error, please visit: http://seleniumhq.org/exceptions/no_such_element.html
Build info: version: '3.14.0', revision: 'aacccce0', time: '2018-08-02T20:19:58.91Z'
System info: host: 'DESKTOP-1G9HVTV', ip: '192.168.0.183', os.name: 'Windows 10', os.arch: 'amd64', os.version: '10.0', java.version: '1.8.0_291'
Driver info: org.openqa.selenium.chrome.ChromeDriver
Capabilities {acceptInsecureCerts: false, browserName: chrome, browserVersion: 91.0.4472.124, chrome: {chromedriverVersion: 91.0.4472.19 (1bf021f248676..., userDataDir: C:\Users\Dell\AppData\Local...}, goog:chromeOptions: {debuggerAddress: localhost:51187}, javascriptEnabled: true, networkConnectionEnabled: false, pageLoadStrategy: normal, platform: WINDOWS, platformName: WINDOWS, proxy: Proxy(), setWindowRect: true, strictFileInteractability: false, timeouts: {implicit: 0, pageLoad: 300000, script: 30000}, unhandledPromptBehavior: dismiss and notify, webauthn:extension:largeBlob: true, webauthn:virtualAuthenticators: true}
Session ID: 45ec41aabcb22c930bf1270c470c990f
*** Element info: {Using=xpath, value=//td[text()="Jaweria"]/following-sibling :: td[@class="menu-action"] /a[text()=" Edit "]}
	at sun.reflect.NativeConstructorAccessorImpl.newInstance0(Native Method)
	at sun.reflect.NativeConstructorAccessorImpl.newInstance(NativeConstructorAccessorImpl.java:62)
	at sun.reflect.DelegatingConstructorAccessorImpl.newInstance(DelegatingConstructorAccessorImpl.java:45)
	at java.lang.reflect.Constructor.newInstance(Constructor.java:423)
	at org.openqa.selenium.remote.http.W3CHttpResponseCodec.createException(W3CHttpResponseCodec.java:187)
	at org.openqa.selenium.remote.http.W3CHttpResponseCodec.decode(W3CHttpResponseCodec.java:122)
	at org.openqa.selenium.remote.http.W3CHttpResponseCodec.decode(W3CHttpResponseCodec.java:49)
	at org.openqa.selenium.remote.HttpCommandExecutor.execute(HttpCommandExecutor.java:158)
	at org.openqa.selenium.remote.service.DriverCommandExecutor.execute(DriverCommandExecutor.java:83)
	at org.openqa.selenium.remote.RemoteWebDriver.execute(RemoteWebDriver.java:548)
	at org.openqa.selenium.remote.RemoteWebDriver.findElement(RemoteWebDriver.java:322)
	at org.openqa.selenium.remote.RemoteWebDriver.findElementByXPath(RemoteWebDriver.java:424)
	at org.openqa.selenium.By$ByXPath.findElement(By.java:353)
	at org.openqa.selenium.remote.RemoteWebDriver.findElement(RemoteWebDriver.java:314)
	at sun.reflect.GeneratedMethodAccessor5.invoke(Unknown Source)
	at sun.reflect.DelegatingMethodAccessorImpl.invoke(DelegatingMethodAccessorImpl.java:43)
	at java.lang.reflect.Method.invoke(Method.java:498)
	at org.openqa.selenium.support.events.EventFiringWebDriver.lambda$new$1(EventFiringWebDriver.java:105)
	at com.sun.proxy.$Proxy6.findElement(Unknown Source)
	at org.openqa.selenium.support.events.EventFiringWebDriver.findElement(EventFiringWebDriver.java:194)
	at com.testingworld.qa.pages.Customer.moveToActionsEdit(Customer.java:32)
	at com.testingworld.qa.testcases.CustomerTest.moveToActionsEditTest(CustomerTest.java:48)
	at sun.reflect.NativeMethodAccessorImpl.invoke0(Native Method)
	at sun.reflect.NativeMethodAccessorImpl.invoke(NativeMethodAccessorImpl.java:62)
	at sun.reflect.DelegatingMethodAccessorImpl.invoke(DelegatingMethodAccessorImpl.java:43)
	at java.lang.reflect.Method.invoke(Method.java:498)
	at org.testng.internal.MethodInvocationHelper.invokeMethod(MethodInvocationHelper.java:86)
	at org.testng.internal.Invoker.invokeMethod(Invoker.java:645)
	at org.testng.internal.Invoker.invokeTestMethod(Invoker.java:822)
	at org.testng.internal.Invoker.invokeTestMethods(Invoker.java:1130)
	at org.testng.internal.TestMethodWorker.invokeTestMethods(TestMethodWorker.java:129)
	at org.testng.internal.TestMethodWorker.run(TestMethodWorker.java:112)
	at org.testng.TestRunner.privateRun(TestRunner.java:782)
	at org.testng.TestRunner.run(TestRunner.java:632)
	at org.testng.SuiteRunner.runTest(SuiteRunner.java:366)
	at org.testng.SuiteRunner.runSequentially(SuiteRunner.java:361)
	at org.testng.SuiteRunner.privateRun(SuiteRunner.java:319)
	at org.testng.SuiteRunner.run(SuiteRunner.java:268)
	at org.testng.SuiteRunnerWorker.runSuite(SuiteRunnerWorker.java:52)
	at org.testng.SuiteRunnerWorker.run(SuiteRunnerWorker.java:86)
	at org.testng.TestNG.runSuitesSequentially(TestNG.java:1244)
	at org.testng.TestNG.runSuitesLocally(TestNG.java:1169)
	at org.testng.TestNG.run(TestNG.java:1064)
	at org.testng.remote.RemoteTestNG.run(RemoteTestNG.java:113)
	at org.testng.remote.RemoteTestNG.initAndRun(RemoteTestNG.java:206)
	at org.testng.remote.RemoteTestNG.main(RemoteTestNG.java:177)
]]>
            </full-stacktrace>
          </exception> <!-- org.openqa.selenium.NoSuchElementException -->
          <reporter-output>
          </reporter-output>
        </test-method> <!-- moveToActionsEditTest -->
        <test-method status="PASS" signature="teardown()[pri:0, instance:com.testingworld.qa.testcases.CustomerTest@880ec60]" name="teardown" is-config="true" duration-ms="1367" started-at="2021-07-08T23:56:24Z" finished-at="2021-07-08T23:56:25Z">
          <reporter-output>
          </reporter-output>
        </test-method> <!-- teardown -->
      </class> <!-- com.testingworld.qa.testcases.CustomerTest -->
    </test> <!-- TestingWorldAutomationTest -->
  </suite> <!-- TestingWorldAutomationTestsuite -->
</testng-results>
